{"name": "test_examplejson", "status": "broken", "statusDetails": {"message": "selenium.common.exceptions.NoSuchElementException: Message: no such element: Unable to locate element: {\"method\":\"css selector\",\"selector\":\"[name=\"username\"]\"}\n  (Session info: chrome=131.0.6778.86); For documentation on this error, please visit: https://www.selenium.dev/documentation/webdriver/troubleshooting/errors#no-such-element-exception\nStacktrace:\n\tGetHandleVerifier [0x00007FF658D86CB5+28821]\n\t(No symbol) [0x00007FF658CF3840]\n\t(No symbol) [0x00007FF658B9578A]\n\t(No symbol) [0x00007FF658BE91BE]\n\t(No symbol) [0x00007FF658BE94AC]\n\t(No symbol) [0x00007FF658C32647]\n\t(No symbol) [0x00007FF658C0F33F]\n\t(No symbol) [0x00007FF658C2F412]\n\t(No symbol) [0x00007FF658C0F0A3]\n\t(No symbol) [0x00007FF658BDA778]\n\t(No symbol) [0x00007FF658BDB8E1]\n\tGetHandleVerifier [0x00007FF6590BFCAD+3408013]\n\tGetHandleVerifier [0x00007FF6590D741F+3504127]\n\tGetHandleVerifier [0x00007FF6590CB5FD+3455453]\n\tGetHandleVerifier [0x00007FF658E4BDBB+835995]\n\t(No symbol) [0x00007FF658CFEB5F]\n\t(No symbol) [0x00007FF658CFA814]\n\t(No symbol) [0x00007FF658CFA9AD]\n\t(No symbol) [0x00007FF658CEA199]\n\tBaseThreadInitThunk [0x00007FFC53067374+20]\n\tRtlUserThreadStart [0x00007FFC543DCC91+33]", "trace": "test_verifyURL = None, config_data_json = {'password': 'admin123', 'url': 'http://example.com/login', 'username': 'Admin'}\n\n    def test_examplejson(test_verifyURL, config_data_json):\n        # Use data from the YAML configuration\n        url = config_data_json[\"url\"]\n        username = config_data_json[\"username\"]\n        password = config_data_json[\"password\"]\n    \n        # Open the URL\n        driver.get(url)\n        time.sleep(4)\n    \n        # Test steps\n>       driver.find_element(\"name\", \"username\").send_keys(username)\n\ntest_day3Datadriven.py:66: \n_ _ _ _ _ _ _ _ _ _ _ _ _ _ _ _ _ _ _ _ _ _ _ _ _ _ _ _ _ _ _ _ _ _ _ _ _ _ _ _ _ _ _ _ _ _ _ _ _ _ _ _ _ _ _ _ _ _ _ _ _ _ _ _ _ _ _ _ _ _ _ _ _ _ _ _ _ _ _\n..\\.venv\\Lib\\site-packages\\selenium\\webdriver\\remote\\webdriver.py:766: in find_element\n    return self.execute(Command.FIND_ELEMENT, {\"using\": by, \"value\": value})[\"value\"]\n..\\.venv\\Lib\\site-packages\\selenium\\webdriver\\remote\\webdriver.py:380: in execute\n    self.error_handler.check_response(response)\n_ _ _ _ _ _ _ _ _ _ _ _ _ _ _ _ _ _ _ _ _ _ _ _ _ _ _ _ _ _ _ _ _ _ _ _ _ _ _ _ _ _ _ _ _ _ _ _ _ _ _ _ _ _ _ _ _ _ _ _ _ _ _ _ _ _ _ _ _ _ _ _ _ _ _ _ _ _ _\n\nself = <selenium.webdriver.remote.errorhandler.ErrorHandler object at 0x000001AD0BF08E60>\nresponse = {'status': 404, 'value': '{\"value\":{\"error\":\"no such element\",\"message\":\"no such element: Unable to locate element: {\\...07FF658CEA199]\\\\n\\\\tBaseThreadInitThunk [0x00007FFC53067374+20]\\\\n\\\\tRtlUserThreadStart [0x00007FFC543DCC91+33]\\\\n\"}}'}\n\n    def check_response(self, response: Dict[str, Any]) -> None:\n        \"\"\"Checks that a JSON response from the WebDriver does not have an\n        error.\n    \n        :Args:\n         - response - The JSON response from the WebDriver server as a dictionary\n           object.\n    \n        :Raises: If the response contains an error message.\n        \"\"\"\n        status = response.get(\"status\", None)\n        if not status or status == ErrorCode.SUCCESS:\n            return\n        value = None\n        message = response.get(\"message\", \"\")\n        screen: str = response.get(\"screen\", \"\")\n        stacktrace = None\n        if isinstance(status, int):\n            value_json = response.get(\"value\", None)\n            if value_json and isinstance(value_json, str):\n                import json\n    \n                try:\n                    value = json.loads(value_json)\n                    if len(value) == 1:\n                        value = value[\"value\"]\n                    status = value.get(\"error\", None)\n                    if not status:\n                        status = value.get(\"status\", ErrorCode.UNKNOWN_ERROR)\n                        message = value.get(\"value\") or value.get(\"message\")\n                        if not isinstance(message, str):\n                            value = message\n                            message = message.get(\"message\")\n                    else:\n                        message = value.get(\"message\", None)\n                except ValueError:\n                    pass\n    \n        exception_class: Type[WebDriverException]\n        e = ErrorCode()\n        error_codes = [item for item in dir(e) if not item.startswith(\"__\")]\n        for error_code in error_codes:\n            error_info = getattr(ErrorCode, error_code)\n            if isinstance(error_info, list) and status in error_info:\n                exception_class = getattr(ExceptionMapping, error_code, WebDriverException)\n                break\n        else:\n            exception_class = WebDriverException\n    \n        if not value:\n            value = response[\"value\"]\n        if isinstance(value, str):\n            raise exception_class(value)\n        if message == \"\" and \"message\" in value:\n            message = value[\"message\"]\n    \n        screen = None  # type: ignore[assignment]\n        if \"screen\" in value:\n            screen = value[\"screen\"]\n    \n        stacktrace = None\n        st_value = value.get(\"stackTrace\") or value.get(\"stacktrace\")\n        if st_value:\n            if isinstance(st_value, str):\n                stacktrace = st_value.split(\"\\n\")\n            else:\n                stacktrace = []\n                try:\n                    for frame in st_value:\n                        line = frame.get(\"lineNumber\", \"\")\n                        file = frame.get(\"fileName\", \"<anonymous>\")\n                        if line:\n                            file = f\"{file}:{line}\"\n                        meth = frame.get(\"methodName\", \"<anonymous>\")\n                        if \"className\" in frame:\n                            meth = f\"{frame['className']}.{meth}\"\n                        msg = \"    at %s (%s)\"\n                        msg = msg % (meth, file)\n                        stacktrace.append(msg)\n                except TypeError:\n                    pass\n        if exception_class == UnexpectedAlertPresentException:\n            alert_text = None\n            if \"data\" in value:\n                alert_text = value[\"data\"].get(\"text\")\n            elif \"alert\" in value:\n                alert_text = value[\"alert\"].get(\"text\")\n            raise exception_class(message, screen, stacktrace, alert_text)  # type: ignore[call-arg]  # mypy is not smart enough here\n>       raise exception_class(message, screen, stacktrace)\nE       selenium.common.exceptions.NoSuchElementException: Message: no such element: Unable to locate element: {\"method\":\"css selector\",\"selector\":\"[name=\"username\"]\"}\nE         (Session info: chrome=131.0.6778.86); For documentation on this error, please visit: https://www.selenium.dev/documentation/webdriver/troubleshooting/errors#no-such-element-exception\nE       Stacktrace:\nE       \tGetHandleVerifier [0x00007FF658D86CB5+28821]\nE       \t(No symbol) [0x00007FF658CF3840]\nE       \t(No symbol) [0x00007FF658B9578A]\nE       \t(No symbol) [0x00007FF658BE91BE]\nE       \t(No symbol) [0x00007FF658BE94AC]\nE       \t(No symbol) [0x00007FF658C32647]\nE       \t(No symbol) [0x00007FF658C0F33F]\nE       \t(No symbol) [0x00007FF658C2F412]\nE       \t(No symbol) [0x00007FF658C0F0A3]\nE       \t(No symbol) [0x00007FF658BDA778]\nE       \t(No symbol) [0x00007FF658BDB8E1]\nE       \tGetHandleVerifier [0x00007FF6590BFCAD+3408013]\nE       \tGetHandleVerifier [0x00007FF6590D741F+3504127]\nE       \tGetHandleVerifier [0x00007FF6590CB5FD+3455453]\nE       \tGetHandleVerifier [0x00007FF658E4BDBB+835995]\nE       \t(No symbol) [0x00007FF658CFEB5F]\nE       \t(No symbol) [0x00007FF658CFA814]\nE       \t(No symbol) [0x00007FF658CFA9AD]\nE       \t(No symbol) [0x00007FF658CEA199]\nE       \tBaseThreadInitThunk [0x00007FFC53067374+20]\nE       \tRtlUserThreadStart [0x00007FFC543DCC91+33]\n\n..\\.venv\\Lib\\site-packages\\selenium\\webdriver\\remote\\errorhandler.py:229: NoSuchElementException"}, "attachments": [{"name": "stdout", "source": "d1863784-5bff-4afc-bcdd-8d91e34c7489-attachment.txt", "type": "text/plain"}], "start": 1732873278684, "stop": 1732873288886, "uuid": "d5f2e46f-ca29-48fc-9739-4529208576fc", "historyId": "afd53c4a8ecd924329e8baee34dd6a38", "testCaseId": "afd53c4a8ecd924329e8baee34dd6a38", "fullName": "test_day3Datadriven#test_examplejson", "labels": [{"name": "suite", "value": "test_day3Datadriven"}, {"name": "host", "value": "ESPLFAIT00643"}, {"name": "thread", "value": "13384-MainThread"}, {"name": "framework", "value": "pytest"}, {"name": "language", "value": "cpython3"}, {"name": "package", "value": "test_day3Datadriven"}]}