{"name": "assert failed", "status": "failed", "statusDetails": {"message": "AssertionError: Failed to navigate to Books page\nassert 'Books' in 'https://demowebshop.tricentis.com/books'\n +  where 'https://demowebshop.tricentis.com/books' = <built-in method lower of str object at 0x000001BF19CD0760>()\n +    where <built-in method lower of str object at 0x000001BF19CD0760> = 'https://demowebshop.tricentis.com/books'.lower\n +      where 'https://demowebshop.tricentis.com/books' = <selenium.webdriver.chrome.webdriver.WebDriver (session=\"a7ce25ca38f1746d9e99cfe3836894ff\")>.current_url", "trace": "test_verifyURL = None\n\n    @allure.title(\"assert failed\")\n    @pytest.mark.assertBooks\n    def test_clickBook(test_verifyURL):\n        expected_title = \"Demo Web Shop\"\n        actual_title = driver.title\n        # Assert that the actual title matches the expected title\n        assert actual_title == expected_title, f\"Title mismatch: Expected '{expected_title}\"\n        driver.find_element(\"xpath\",\"(//a[contains(text(),'Books')])[1]\").click()\n>       assert \"Books\" in driver.current_url.lower(), \"Failed to navigate to Books page\"\nE       AssertionError: Failed to navigate to Books page\nE       assert 'Books' in 'https://demowebshop.tricentis.com/books'\nE        +  where 'https://demowebshop.tricentis.com/books' = <built-in method lower of str object at 0x000001BF19CD0760>()\nE        +    where <built-in method lower of str object at 0x000001BF19CD0760> = 'https://demowebshop.tricentis.com/books'.lower\nE        +      where 'https://demowebshop.tricentis.com/books' = <selenium.webdriver.chrome.webdriver.WebDriver (session=\"a7ce25ca38f1746d9e99cfe3836894ff\")>.current_url\n\ntest_day2assert.py:44: AssertionError"}, "attachments": [{"name": "stdout", "source": "fe87267d-c64d-4a3b-96d8-078735b3af83-attachment.txt", "type": "text/plain"}], "start": 1732790403946, "stop": 1732790404934, "uuid": "b7c97ff2-b8d4-4900-802c-3f7f1204ee41", "historyId": "451d9a5a6ed676b13b96a8b8a26f09a3", "testCaseId": "451d9a5a6ed676b13b96a8b8a26f09a3", "fullName": "test_day2assert#test_clickBook", "labels": [{"name": "tag", "value": "assertBooks"}, {"name": "suite", "value": "test_day2assert"}, {"name": "host", "value": "ESPLFAIT00643"}, {"name": "thread", "value": "18160-MainThread"}, {"name": "framework", "value": "pytest"}, {"name": "language", "value": "cpython3"}, {"name": "package", "value": "test_day2assert"}]}