{"name": "assert failed", "status": "failed", "statusDetails": {"message": "AssertionError: Failed to navigate to Books page\nassert 'A' in 'https://demowebshop.tricentis.com/books'\n +  where 'https://demowebshop.tricentis.com/books' = <built-in method lower of str object at 0x0000027A50FA0850>()\n +    where <built-in method lower of str object at 0x0000027A50FA0850> = 'https://demowebshop.tricentis.com/books'.lower\n +      where 'https://demowebshop.tricentis.com/books' = <selenium.webdriver.chrome.webdriver.WebDriver (session=\"93ad7662b19a14f49fe5a02bf1bf8f44\")>.current_url", "trace": "test_verifyURL = None\n\n    @allure.title(\"assert failed\")\n    @pytest.mark.assertBooks\n    def test_clickBook(test_verifyURL):\n        expected_title = \"Demo Web Shop\"\n        actual_title = driver.title\n        # Assert that the actual title matches the expected title\n        assert actual_title == expected_title, f\"Title mismatch: Expected '{expected_title}\"\n        driver.find_element(\"xpath\",\"(//a[contains(text(),'Books')])[1]\").click()\n>       assert \"A\" in driver.current_url.lower(), \"Failed to navigate to Books page\"\nE       AssertionError: Failed to navigate to Books page\nE       assert 'A' in 'https://demowebshop.tricentis.com/books'\nE        +  where 'https://demowebshop.tricentis.com/books' = <built-in method lower of str object at 0x0000027A50FA0850>()\nE        +    where <built-in method lower of str object at 0x0000027A50FA0850> = 'https://demowebshop.tricentis.com/books'.lower\nE        +      where 'https://demowebshop.tricentis.com/books' = <selenium.webdriver.chrome.webdriver.WebDriver (session=\"93ad7662b19a14f49fe5a02bf1bf8f44\")>.current_url\n\ntest_day2assert.py:44: AssertionError"}, "attachments": [{"name": "stdout", "source": "8d168f9d-b772-4135-91b7-b7af1ff09b6a-attachment.txt", "type": "text/plain"}], "start": 1732790221078, "stop": 1732790222047, "uuid": "b8cb24a6-ab09-41df-812a-1915ce67b2e2", "historyId": "451d9a5a6ed676b13b96a8b8a26f09a3", "testCaseId": "451d9a5a6ed676b13b96a8b8a26f09a3", "fullName": "test_day2assert#test_clickBook", "labels": [{"name": "tag", "value": "assertBooks"}, {"name": "suite", "value": "test_day2assert"}, {"name": "host", "value": "ESPLFAIT00643"}, {"name": "thread", "value": "19008-MainThread"}, {"name": "framework", "value": "pytest"}, {"name": "language", "value": "cpython3"}, {"name": "package", "value": "test_day2assert"}]}